<?xml version="1.0" encoding="UTF-8"?>
<robot generator="Robot 3.2.1 (Python 3.8.3 on win32)" generated="20200714 15:26:37.733" rpa="false">
<suite id="s1" name="TestCases" source="C:\Users\manis\PycharmProjects\OrangeHRM_RobotFramework\TestCases">
<suite id="s1-s1" name="TC001 Login" source="C:\Users\manis\PycharmProjects\OrangeHRM_RobotFramework\TestCases\TC001_Login.robot">
<kw name="Open my browser" library="001Resource_login" type="setup">
<kw name="Open Browser" library="SeleniumLibrary">
<doc>Opens a new browser instance to the optional ``url``.</doc>
<arguments>
<arg>${LOGIN URL}</arg>
<arg>${BROWSER_NAME}</arg>
</arguments>
<msg timestamp="20200714 15:26:39.120" level="INFO">Opening browser 'chrome' to base url 'https://opensource-demo.orangehrmlive.com/index.php/auth/login'.</msg>
<status status="PASS" starttime="20200714 15:26:39.120" endtime="20200714 15:26:45.721"></status>
</kw>
<kw name="Maximize Browser Window" library="SeleniumLibrary">
<doc>Maximizes current browser window.</doc>
<status status="PASS" starttime="20200714 15:26:45.721" endtime="20200714 15:26:47.852"></status>
</kw>
<status status="PASS" starttime="20200714 15:26:39.119" endtime="20200714 15:26:47.852"></status>
</kw>
<test id="s1-s1-t1" name="LoginTestWithExcel using">
<kw name="Valid login">
<arguments>
<arg>Admin</arg>
<arg>admin123</arg>
</arguments>
<kw name="Input Username" library="001Resource_login">
<arguments>
<arg>${username}</arg>
</arguments>
<kw name="Input Text" library="SeleniumLibrary">
<doc>Types the given ``text`` into the text field identified by ``locator``.</doc>
<arguments>
<arg>${txt_UserName}</arg>
<arg>${username}</arg>
</arguments>
<msg timestamp="20200714 15:26:47.858" level="INFO">Typing text 'Admin' into text field 'name:txtUsername'.</msg>
<status status="PASS" starttime="20200714 15:26:47.857" endtime="20200714 15:26:48.046"></status>
</kw>
<status status="PASS" starttime="20200714 15:26:47.856" endtime="20200714 15:26:48.047"></status>
</kw>
<kw name="Input pwd" library="001Resource_login">
<arguments>
<arg>${password}</arg>
</arguments>
<kw name="Input Text" library="SeleniumLibrary">
<doc>Types the given ``text`` into the text field identified by ``locator``.</doc>
<arguments>
<arg>${txt_Password}</arg>
<arg>${password}</arg>
</arguments>
<msg timestamp="20200714 15:26:48.050" level="INFO">Typing text 'admin123' into text field 'name:txtPassword'.</msg>
<status status="PASS" starttime="20200714 15:26:48.048" endtime="20200714 15:26:48.197"></status>
</kw>
<status status="PASS" starttime="20200714 15:26:48.047" endtime="20200714 15:26:48.198"></status>
</kw>
<kw name="click login button" library="001Resource_login">
<kw name="Click Element" library="SeleniumLibrary">
<doc>Click the element identified by ``locator``.</doc>
<arguments>
<arg>${btn_login}</arg>
</arguments>
<msg timestamp="20200714 15:26:48.200" level="INFO">Clicking element 'name:Submit'.</msg>
<status status="PASS" starttime="20200714 15:26:48.199" endtime="20200714 15:26:54.917"></status>
</kw>
<status status="PASS" starttime="20200714 15:26:48.198" endtime="20200714 15:26:54.917"></status>
</kw>
<kw name="Dashboard page should be visible" library="001Resource_login">
<kw name="Page Should Contain" library="SeleniumLibrary">
<doc>Verifies that current page contains ``text``.</doc>
<arguments>
<arg>Dashboard</arg>
</arguments>
<msg timestamp="20200714 15:26:54.953" level="INFO">Current page contains text 'Dashboard'.</msg>
<status status="PASS" starttime="20200714 15:26:54.918" endtime="20200714 15:26:54.954"></status>
</kw>
<status status="PASS" starttime="20200714 15:26:54.917" endtime="20200714 15:26:54.954"></status>
</kw>
<kw name="Sleep" library="BuiltIn">
<doc>Pauses the test executed for the given time.</doc>
<arguments>
<arg>3</arg>
</arguments>
<msg timestamp="20200714 15:26:57.956" level="INFO">Slept 3 seconds</msg>
<status status="PASS" starttime="20200714 15:26:54.954" endtime="20200714 15:26:57.956"></status>
</kw>
<status status="PASS" starttime="20200714 15:26:47.854" endtime="20200714 15:26:57.957"></status>
</kw>
<status status="PASS" starttime="20200714 15:26:47.853" endtime="20200714 15:26:57.959" critical="yes"></status>
</test>
<status status="PASS" starttime="20200714 15:26:37.782" endtime="20200714 15:26:57.968"></status>
</suite>
<suite id="s1-s2" name="TC002 Add Employee" source="C:\Users\manis\PycharmProjects\OrangeHRM_RobotFramework\TestCases\TC002_Add Employee.robot">
<test id="s1-s2-t1" name="Click on Add Employee using">
<kw name="Add an Employee">
<arguments>
<arg>Ranbir</arg>
<arg>Raj</arg>
<arg>Kapoor</arg>
<arg>10010</arg>
<arg>L123456</arg>
<arg>Jul</arg>
<arg>2021</arg>
<arg>1</arg>
<arg>Married</arg>
<arg>Indian</arg>
</arguments>
<kw name="Wait and Click PIM tab" library="002Resource_AddEmployee">
<kw name="Wait Until Element Is Visible" library="SeleniumLibrary">
<doc>Waits until the element ``locator`` is visible.</doc>
<arguments>
<arg>${tab_PIM}</arg>
</arguments>
<status status="PASS" starttime="20200714 15:26:58.054" endtime="20200714 15:26:58.090"></status>
</kw>
<kw name="Click Element" library="SeleniumLibrary">
<doc>Click the element identified by ``locator``.</doc>
<arguments>
<arg>${tab_PIM}</arg>
</arguments>
<msg timestamp="20200714 15:26:58.090" level="INFO">Clicking element 'xpath://b[contains(text(),'PIM')]'.</msg>
<status status="PASS" starttime="20200714 15:26:58.090" endtime="20200714 15:27:00.787"></status>
</kw>
<status status="PASS" starttime="20200714 15:26:58.053" endtime="20200714 15:27:00.788"></status>
</kw>
<kw name="Wait for Add Employee link" library="002Resource_AddEmployee">
<kw name="Wait Until Element Is Visible" library="SeleniumLibrary">
<doc>Waits until the element ``locator`` is visible.</doc>
<arguments>
<arg>${link_Add_Employee}</arg>
</arguments>
<status status="PASS" starttime="20200714 15:27:00.790" endtime="20200714 15:27:00.838"></status>
</kw>
<status status="PASS" starttime="20200714 15:27:00.789" endtime="20200714 15:27:00.838"></status>
</kw>
<kw name="Click on Add Employee link" library="002Resource_AddEmployee">
<kw name="Click Element" library="SeleniumLibrary">
<doc>Click the element identified by ``locator``.</doc>
<arguments>
<arg>${link_Add_Employee}</arg>
</arguments>
<msg timestamp="20200714 15:27:00.839" level="INFO">Clicking element 'xpath://a[@id='menu_pim_addEmployee']'.</msg>
<status status="PASS" starttime="20200714 15:27:00.839" endtime="20200714 15:27:01.669"></status>
</kw>
<status status="PASS" starttime="20200714 15:27:00.838" endtime="20200714 15:27:01.670"></status>
</kw>
<kw name="Enter First Name" library="002Resource_AddEmployee">
<arguments>
<arg>${firstname}</arg>
</arguments>
<kw name="Input Text" library="SeleniumLibrary">
<doc>Types the given ``text`` into the text field identified by ``locator``.</doc>
<arguments>
<arg>${txt_First_Name}</arg>
<arg>${firstname}</arg>
</arguments>
<msg timestamp="20200714 15:27:01.671" level="INFO">Typing text 'Ranbir' into text field 'name:firstName'.</msg>
<status status="PASS" starttime="20200714 15:27:01.671" endtime="20200714 15:27:01.848"></status>
</kw>
<status status="PASS" starttime="20200714 15:27:01.670" endtime="20200714 15:27:01.848"></status>
</kw>
<kw name="Enter Middle Name" library="002Resource_AddEmployee">
<arguments>
<arg>${middlename}</arg>
</arguments>
<kw name="Input Text" library="SeleniumLibrary">
<doc>Types the given ``text`` into the text field identified by ``locator``.</doc>
<arguments>
<arg>${txt_Middle_Name}</arg>
<arg>${middlename}</arg>
</arguments>
<msg timestamp="20200714 15:27:01.850" level="INFO">Typing text 'Raj' into text field 'name:middleName'.</msg>
<status status="PASS" starttime="20200714 15:27:01.849" endtime="20200714 15:27:01.974"></status>
</kw>
<status status="PASS" starttime="20200714 15:27:01.849" endtime="20200714 15:27:01.974"></status>
</kw>
<kw name="Enter Last Name" library="002Resource_AddEmployee">
<arguments>
<arg>${lastname}</arg>
</arguments>
<kw name="Input Text" library="SeleniumLibrary">
<doc>Types the given ``text`` into the text field identified by ``locator``.</doc>
<arguments>
<arg>${txt_Last_Name}</arg>
<arg>${lastname}</arg>
</arguments>
<msg timestamp="20200714 15:27:01.976" level="INFO">Typing text 'Kapoor' into text field 'name:lastName'.</msg>
<status status="PASS" starttime="20200714 15:27:01.975" endtime="20200714 15:27:02.121"></status>
</kw>
<status status="PASS" starttime="20200714 15:27:01.974" endtime="20200714 15:27:02.121"></status>
</kw>
<kw name="Wait for Employee id to appear" library="002Resource_AddEmployee">
<kw name="Wait Until Element Is Visible" library="SeleniumLibrary">
<doc>Waits until the element ``locator`` is visible.</doc>
<arguments>
<arg>${txt_Employee_id}</arg>
</arguments>
<status status="PASS" starttime="20200714 15:27:02.122" endtime="20200714 15:27:02.151"></status>
</kw>
<status status="PASS" starttime="20200714 15:27:02.121" endtime="20200714 15:27:02.151"></status>
</kw>
<kw name="Clear Text" library="002Resource_AddEmployee">
<kw name="Clear Element Text" library="SeleniumLibrary">
<doc>Clears the value of the text-input-element identified by ``locator``.</doc>
<arguments>
<arg>${txt_Employee_id}</arg>
</arguments>
<status status="PASS" starttime="20200714 15:27:02.152" endtime="20200714 15:27:02.209"></status>
</kw>
<status status="PASS" starttime="20200714 15:27:02.152" endtime="20200714 15:27:02.210"></status>
</kw>
<kw name="Enter Employee id" library="002Resource_AddEmployee">
<arguments>
<arg>${emp_id}</arg>
</arguments>
<kw name="Input Text" library="SeleniumLibrary">
<doc>Types the given ``text`` into the text field identified by ``locator``.</doc>
<arguments>
<arg>${txt_Employee_id}</arg>
<arg>${emp_id}</arg>
</arguments>
<msg timestamp="20200714 15:27:02.211" level="INFO">Typing text '10010' into text field 'name:employeeId'.</msg>
<status status="PASS" starttime="20200714 15:27:02.211" endtime="20200714 15:27:02.313"></status>
</kw>
<status status="PASS" starttime="20200714 15:27:02.210" endtime="20200714 15:27:02.314"></status>
</kw>
<kw name="Submit details" library="002Resource_AddEmployee">
<kw name="Click Element" library="SeleniumLibrary">
<doc>Click the element identified by ``locator``.</doc>
<arguments>
<arg>${btn_submit}</arg>
</arguments>
<msg timestamp="20200714 15:27:02.314" level="INFO">Clicking element 'xpath://input[@id='btnSave']'.</msg>
<status status="PASS" starttime="20200714 15:27:02.314" endtime="20200714 15:27:04.289"></status>
</kw>
<status status="PASS" starttime="20200714 15:27:02.314" endtime="20200714 15:27:04.290"></status>
</kw>
<kw name="Wait for Edit Button to be visible" library="002Resource_AddEmployee">
<kw name="Mouse Over" library="SeleniumLibrary">
<doc>Simulates hovering the mouse over the element ``locator``.</doc>
<arguments>
<arg>${btn_Edit}</arg>
</arguments>
<msg timestamp="20200714 15:27:04.292" level="INFO">Simulating Mouse Over on element 'xpath://input[@type='button' and @id='btnSave']'.</msg>
<status status="PASS" starttime="20200714 15:27:04.291" endtime="20200714 15:27:04.588"></status>
</kw>
<status status="PASS" starttime="20200714 15:27:04.290" endtime="20200714 15:27:04.589"></status>
</kw>
<kw name="Click on Edit Button" library="002Resource_AddEmployee">
<kw name="Click Element" library="SeleniumLibrary">
<doc>Click the element identified by ``locator``.</doc>
<arguments>
<arg>${btn_Edit}</arg>
</arguments>
<msg timestamp="20200714 15:27:04.591" level="INFO">Clicking element 'xpath://input[@type='button' and @id='btnSave']'.</msg>
<status status="PASS" starttime="20200714 15:27:04.590" endtime="20200714 15:27:04.691"></status>
</kw>
<status status="PASS" starttime="20200714 15:27:04.589" endtime="20200714 15:27:04.691"></status>
</kw>
<kw name="Wait for License No to appear" library="002Resource_AddEmployee">
<kw name="Wait Until Element Is Visible" library="SeleniumLibrary">
<doc>Waits until the element ``locator`` is visible.</doc>
<arguments>
<arg>${txt_License_No}</arg>
</arguments>
<status status="PASS" starttime="20200714 15:27:04.692" endtime="20200714 15:27:04.724"></status>
</kw>
<status status="PASS" starttime="20200714 15:27:04.691" endtime="20200714 15:27:04.724"></status>
</kw>
<kw name="Enter License No" library="002Resource_AddEmployee">
<arguments>
<arg>${license_no}</arg>
</arguments>
<kw name="Input Text" library="SeleniumLibrary">
<doc>Types the given ``text`` into the text field identified by ``locator``.</doc>
<arguments>
<arg>${txt_License_No}</arg>
<arg>${license_no}</arg>
</arguments>
<msg timestamp="20200714 15:27:04.725" level="INFO">Typing text 'L123456' into text field 'name:personal[txtLicenNo]'.</msg>
<status status="PASS" starttime="20200714 15:27:04.725" endtime="20200714 15:27:04.897"></status>
</kw>
<status status="PASS" starttime="20200714 15:27:04.724" endtime="20200714 15:27:04.898"></status>
</kw>
<kw name="Click License Expiry Date Icon" library="002Resource_AddEmployee">
<kw name="Click Element" library="SeleniumLibrary">
<doc>Click the element identified by ``locator``.</doc>
<arguments>
<arg>${img_License_Expiry_Date}</arg>
</arguments>
<msg timestamp="20200714 15:27:04.899" level="INFO">Clicking element 'xpath://ol[2]//li[4]//img[1]'.</msg>
<status status="PASS" starttime="20200714 15:27:04.899" endtime="20200714 15:27:05.026"></status>
</kw>
<status status="PASS" starttime="20200714 15:27:04.898" endtime="20200714 15:27:05.026"></status>
</kw>
<kw name="Select License Expiry Month" library="002Resource_AddEmployee">
<arguments>
<arg>${expiry_date_month}</arg>
</arguments>
<kw name="Select From List By Label" library="SeleniumLibrary">
<doc>Selects options from selection list ``locator`` by ``labels``.</doc>
<arguments>
<arg>${dd_License_Expiry_Month}</arg>
<arg>${expiry_date_month}</arg>
</arguments>
<msg timestamp="20200714 15:27:05.030" level="INFO">Selecting options from selection list 'xpath://select[@class='ui-datepicker-month']' by label Jul.</msg>
<status status="PASS" starttime="20200714 15:27:05.028" endtime="20200714 15:27:05.156"></status>
</kw>
<status status="PASS" starttime="20200714 15:27:05.027" endtime="20200714 15:27:05.156"></status>
</kw>
<kw name="Select License Expiry Year" library="002Resource_AddEmployee">
<arguments>
<arg>${expiry_date_year}</arg>
</arguments>
<kw name="Select From List By Label" library="SeleniumLibrary">
<doc>Selects options from selection list ``locator`` by ``labels``.</doc>
<arguments>
<arg>${dd_License_Expiry_Year}</arg>
<arg>${expiry_date_year}</arg>
</arguments>
<msg timestamp="20200714 15:27:05.160" level="INFO">Selecting options from selection list 'xpath://select[@class='ui-datepicker-year']' by label 2021.</msg>
<status status="PASS" starttime="20200714 15:27:05.158" endtime="20200714 15:27:05.301"></status>
</kw>
<status status="PASS" starttime="20200714 15:27:05.157" endtime="20200714 15:27:05.301"></status>
</kw>
<kw name="Select Date" library="002Resource_AddEmployee">
<kw name="Click Element" library="SeleniumLibrary">
<doc>Click the element identified by ``locator``.</doc>
<arguments>
<arg>${txt_Day}</arg>
</arguments>
<msg timestamp="20200714 15:27:05.302" level="INFO">Clicking element 'xpath://a[contains(text(),'14')]'.</msg>
<status status="PASS" starttime="20200714 15:27:05.302" endtime="20200714 15:27:05.393"></status>
</kw>
<status status="PASS" starttime="20200714 15:27:05.301" endtime="20200714 15:27:05.394"></status>
</kw>
<kw name="Select Gender" library="002Resource_AddEmployee">
<arguments>
<arg>${gender}</arg>
</arguments>
<kw name="Select Radio Button" library="SeleniumLibrary">
<doc>Sets the radio button group ``group_name`` to ``value``.</doc>
<arguments>
<arg>${lbl_Gender}</arg>
<arg>${gender}</arg>
</arguments>
<msg timestamp="20200714 15:27:05.396" level="INFO">Selecting '1' from radio button 'personal[optGender]'.</msg>
<status status="PASS" starttime="20200714 15:27:05.395" endtime="20200714 15:27:05.518"></status>
</kw>
<status status="PASS" starttime="20200714 15:27:05.394" endtime="20200714 15:27:05.519"></status>
</kw>
<kw name="Select Marital Status" library="002Resource_AddEmployee">
<arguments>
<arg>${status}</arg>
</arguments>
<kw name="Select From List By Label" library="SeleniumLibrary">
<doc>Selects options from selection list ``locator`` by ``labels``.</doc>
<arguments>
<arg>${dd_Marital_Status}</arg>
<arg>${status}</arg>
</arguments>
<msg timestamp="20200714 15:27:05.523" level="INFO">Selecting options from selection list 'name:personal[cmbMarital]' by label Married.</msg>
<status status="PASS" starttime="20200714 15:27:05.522" endtime="20200714 15:27:05.637"></status>
</kw>
<status status="PASS" starttime="20200714 15:27:05.520" endtime="20200714 15:27:05.638"></status>
</kw>
<kw name="Select Nationality" library="002Resource_AddEmployee">
<arguments>
<arg>${nationality}</arg>
</arguments>
<kw name="Select From List By Label" library="SeleniumLibrary">
<doc>Selects options from selection list ``locator`` by ``labels``.</doc>
<arguments>
<arg>${dd_Nationality}</arg>
<arg>${nationality}</arg>
</arguments>
<msg timestamp="20200714 15:27:05.639" level="INFO">Selecting options from selection list 'name:personal[cmbNation]' by label Indian.</msg>
<status status="PASS" starttime="20200714 15:27:05.639" endtime="20200714 15:27:05.734"></status>
</kw>
<status status="PASS" starttime="20200714 15:27:05.638" endtime="20200714 15:27:05.735"></status>
</kw>
<kw name="Submit final details" library="002Resource_AddEmployee">
<kw name="Click Element" library="SeleniumLibrary">
<doc>Click the element identified by ``locator``.</doc>
<arguments>
<arg>${btn_Edit}</arg>
</arguments>
<msg timestamp="20200714 15:27:05.737" level="INFO">Clicking element 'xpath://input[@type='button' and @id='btnSave']'.</msg>
<status status="PASS" starttime="20200714 15:27:05.737" endtime="20200714 15:27:07.564"></status>
</kw>
<status status="PASS" starttime="20200714 15:27:05.735" endtime="20200714 15:27:07.564"></status>
</kw>
<kw name="Page Should Contain" library="SeleniumLibrary">
<doc>Verifies that current page contains ``text``.</doc>
<arguments>
<arg>Successfully Saved</arg>
</arguments>
<msg timestamp="20200714 15:27:07.591" level="INFO">Current page contains text 'Successfully Saved'.</msg>
<status status="PASS" starttime="20200714 15:27:07.564" endtime="20200714 15:27:07.591"></status>
</kw>
<status status="PASS" starttime="20200714 15:26:58.053" endtime="20200714 15:27:07.591"></status>
</kw>
<status status="PASS" starttime="20200714 15:26:58.052" endtime="20200714 15:27:07.592" critical="yes"></status>
</test>
<status status="PASS" starttime="20200714 15:26:57.979" endtime="20200714 15:27:07.598"></status>
</suite>
<suite id="s1-s3" name="TC003 AddUsers" source="C:\Users\manis\PycharmProjects\OrangeHRM_RobotFramework\TestCases\TC003_AddUsers.robot">
<test id="s1-s3-t1" name="AddUserUsingExcel">
<kw name="Add User">
<arguments>
<arg>Ranbir</arg>
<arg>RanbirRaj</arg>
<arg>Testing123</arg>
<arg>Testing123</arg>
</arguments>
<kw name="Set Sel Speed" library="003Resource_AddUser">
<kw name="Set Selenium Speed" library="SeleniumLibrary">
<doc>Sets the delay that is waited after each Selenium command.</doc>
<arguments>
<arg>0.5</arg>
</arguments>
<status status="PASS" starttime="20200714 15:27:07.668" endtime="20200714 15:27:07.668"></status>
</kw>
<status status="PASS" starttime="20200714 15:27:07.668" endtime="20200714 15:27:07.669"></status>
</kw>
<kw name="Click on Admin link" library="003Resource_AddUser">
<kw name="Wait Until Element Is Visible" library="SeleniumLibrary">
<doc>Waits until the element ``locator`` is visible.</doc>
<arguments>
<arg>${link_Admin}</arg>
</arguments>
<status status="PASS" starttime="20200714 15:27:07.669" endtime="20200714 15:27:08.719"></status>
</kw>
<kw name="Click Link" library="SeleniumLibrary">
<doc>Clicks a link identified by ``locator``.</doc>
<arguments>
<arg>${link_Admin}</arg>
</arguments>
<msg timestamp="20200714 15:27:08.721" level="INFO">Clicking link 'xpath://a[@id='menu_admin_viewAdminModule']'.</msg>
<status status="PASS" starttime="20200714 15:27:08.720" endtime="20200714 15:27:11.629"></status>
</kw>
<status status="PASS" starttime="20200714 15:27:07.669" endtime="20200714 15:27:11.630"></status>
</kw>
<kw name="Click on Users link" library="003Resource_AddUser">
<kw name="Mouse Over" library="SeleniumLibrary">
<doc>Simulates hovering the mouse over the element ``locator``.</doc>
<arguments>
<arg>${link_User_Management}</arg>
</arguments>
<msg timestamp="20200714 15:27:11.633" level="INFO">Simulating Mouse Over on element 'xpath://a[@id='menu_admin_UserManagement']'.</msg>
<status status="PASS" starttime="20200714 15:27:11.632" endtime="20200714 15:27:12.958"></status>
</kw>
<kw name="Click Link" library="SeleniumLibrary">
<doc>Clicks a link identified by ``locator``.</doc>
<arguments>
<arg>${link_Users}</arg>
</arguments>
<msg timestamp="20200714 15:27:12.960" level="INFO">Clicking link 'xpath://a[@id='menu_admin_viewSystemUsers']'.</msg>
<status status="PASS" starttime="20200714 15:27:12.959" endtime="20200714 15:27:15.177"></status>
</kw>
<status status="PASS" starttime="20200714 15:27:11.631" endtime="20200714 15:27:15.178"></status>
</kw>
<kw name="Click on Add Button" library="003Resource_AddUser">
<kw name="Mouse Over" library="SeleniumLibrary">
<doc>Simulates hovering the mouse over the element ``locator``.</doc>
<arguments>
<arg>${btn_Add}</arg>
</arguments>
<msg timestamp="20200714 15:27:15.181" level="INFO">Simulating Mouse Over on element 'name:btnAdd'.</msg>
<status status="PASS" starttime="20200714 15:27:15.180" endtime="20200714 15:27:16.499"></status>
</kw>
<kw name="Click Element" library="SeleniumLibrary">
<doc>Click the element identified by ``locator``.</doc>
<arguments>
<arg>${btn_Add}</arg>
</arguments>
<msg timestamp="20200714 15:27:16.500" level="INFO">Clicking element 'name:btnAdd'.</msg>
<status status="PASS" starttime="20200714 15:27:16.499" endtime="20200714 15:27:19.069"></status>
</kw>
<status status="PASS" starttime="20200714 15:27:15.178" endtime="20200714 15:27:19.070"></status>
</kw>
<kw name="Enter text in Employeename textbox" library="003Resource_AddUser">
<arguments>
<arg>${firstname}</arg>
</arguments>
<kw name="Input Text" library="SeleniumLibrary">
<doc>Types the given ``text`` into the text field identified by ``locator``.</doc>
<arguments>
<arg>${txt_Employee_Name}</arg>
<arg>${firstname}</arg>
</arguments>
<msg timestamp="20200714 15:27:19.073" level="INFO">Typing text 'Ranbir' into text field 'id:systemUser_employeeName_empName'.</msg>
<status status="PASS" starttime="20200714 15:27:19.072" endtime="20200714 15:27:20.804"></status>
</kw>
<kw name="Press Keys" library="SeleniumLibrary">
<doc>Simulates the user pressing key(s) to an element or on the active browser.</doc>
<arguments>
<arg>${txt_Employee_Name}</arg>
<arg>\ENTER</arg>
</arguments>
<msg timestamp="20200714 15:27:20.807" level="INFO">Sending key(s) ('ENTER',) to id:systemUser_employeeName_empName element.</msg>
<msg timestamp="20200714 15:27:22.139" level="INFO">Pressing special key ENTER to element.</msg>
<msg timestamp="20200714 15:27:22.140" level="INFO">Releasing special key ENTER.</msg>
<status status="PASS" starttime="20200714 15:27:20.805" endtime="20200714 15:27:22.669"></status>
</kw>
<status status="PASS" starttime="20200714 15:27:19.070" endtime="20200714 15:27:22.670"></status>
</kw>
<kw name="Enter Username" library="003Resource_AddUser">
<arguments>
<arg>${username}</arg>
</arguments>
<kw name="Input Text" library="SeleniumLibrary">
<doc>Types the given ``text`` into the text field identified by ``locator``.</doc>
<arguments>
<arg>${txt_Employee_User_Name}</arg>
<arg>${username}</arg>
</arguments>
<msg timestamp="20200714 15:27:22.674" level="INFO">Typing text 'RanbirRaj' into text field 'id:systemUser_userName'.</msg>
<status status="PASS" starttime="20200714 15:27:22.672" endtime="20200714 15:27:24.394"></status>
</kw>
<status status="PASS" starttime="20200714 15:27:22.670" endtime="20200714 15:27:24.395"></status>
</kw>
<kw name="Enter Password" library="003Resource_AddUser">
<arguments>
<arg>${password}</arg>
</arguments>
<kw name="Input Text" library="SeleniumLibrary">
<doc>Types the given ``text`` into the text field identified by ``locator``.</doc>
<arguments>
<arg>${txt_new_Password}</arg>
<arg>${password}</arg>
</arguments>
<msg timestamp="20200714 15:27:24.398" level="INFO">Typing text 'Testing123' into text field 'name:systemUser[password]'.</msg>
<status status="PASS" starttime="20200714 15:27:24.397" endtime="20200714 15:27:26.147"></status>
</kw>
<status status="PASS" starttime="20200714 15:27:24.395" endtime="20200714 15:27:26.147"></status>
</kw>
<kw name="Enter Confirmed Password" library="003Resource_AddUser">
<arguments>
<arg>${confirmed_password}</arg>
</arguments>
<kw name="Input Text" library="SeleniumLibrary">
<doc>Types the given ``text`` into the text field identified by ``locator``.</doc>
<arguments>
<arg>${txt_Confirmed_Password}</arg>
<arg>${confirmed_password}</arg>
</arguments>
<msg timestamp="20200714 15:27:26.150" level="INFO">Typing text 'Testing123' into text field 'id:systemUser_confirmPassword'.</msg>
<status status="PASS" starttime="20200714 15:27:26.149" endtime="20200714 15:27:27.902"></status>
</kw>
<status status="PASS" starttime="20200714 15:27:26.148" endtime="20200714 15:27:27.902"></status>
</kw>
<kw name="Click on Save" library="003Resource_AddUser">
<kw name="Click Element" library="SeleniumLibrary">
<doc>Click the element identified by ``locator``.</doc>
<arguments>
<arg>${btn_Save}</arg>
</arguments>
<msg timestamp="20200714 15:27:27.904" level="INFO">Clicking element 'name:btnSave'.</msg>
<status status="PASS" starttime="20200714 15:27:27.903" endtime="20200714 15:27:30.447"></status>
</kw>
<status status="PASS" starttime="20200714 15:27:27.903" endtime="20200714 15:27:30.448"></status>
</kw>
<kw name="Page Should Contain" library="SeleniumLibrary">
<doc>Verifies that current page contains ``text``.</doc>
<arguments>
<arg>Successfully Saved</arg>
</arguments>
<msg timestamp="20200714 15:27:31.506" level="INFO">Current page contains text 'Successfully Saved'.</msg>
<status status="PASS" starttime="20200714 15:27:30.449" endtime="20200714 15:27:31.506"></status>
</kw>
<status status="PASS" starttime="20200714 15:27:07.667" endtime="20200714 15:27:31.507"></status>
</kw>
<status status="PASS" starttime="20200714 15:27:07.666" endtime="20200714 15:27:31.508" critical="yes"></status>
</test>
<status status="PASS" starttime="20200714 15:27:07.602" endtime="20200714 15:27:31.512"></status>
</suite>
<suite id="s1-s4" name="TC004 DeleteUsers" source="C:\Users\manis\PycharmProjects\OrangeHRM_RobotFramework\TestCases\TC004_DeleteUsers.robot">
<test id="s1-s4-t1" name="DeleteUserusingExcel">
<kw name="Delete User">
<arguments>
<arg>RanbirRaj</arg>
</arguments>
<kw name="Set Sel Speed" library="004Resource_DeleteUsers">
<kw name="Set Selenium Speed" library="SeleniumLibrary">
<doc>Sets the delay that is waited after each Selenium command.</doc>
<arguments>
<arg>0.5</arg>
</arguments>
<status status="PASS" starttime="20200714 15:27:31.584" endtime="20200714 15:27:31.584"></status>
</kw>
<status status="PASS" starttime="20200714 15:27:31.583" endtime="20200714 15:27:31.584"></status>
</kw>
<kw name="Wait for Username textbox to appear" library="004Resource_DeleteUsers">
<kw name="Wait Until Element Is Visible" library="SeleniumLibrary">
<doc>Waits until the element ``locator`` is visible.</doc>
<arguments>
<arg>${txt_User_Search}</arg>
</arguments>
<status status="PASS" starttime="20200714 15:27:31.585" endtime="20200714 15:27:32.630"></status>
</kw>
<status status="PASS" starttime="20200714 15:27:31.585" endtime="20200714 15:27:32.631"></status>
</kw>
<kw name="Enter text in Username textbox" library="004Resource_DeleteUsers">
<arguments>
<arg>${username}</arg>
</arguments>
<kw name="Input Text" library="SeleniumLibrary">
<doc>Types the given ``text`` into the text field identified by ``locator``.</doc>
<arguments>
<arg>${txt_User_Search}</arg>
<arg>${username}</arg>
</arguments>
<msg timestamp="20200714 15:27:32.635" level="INFO">Typing text 'RanbirRaj' into text field 'name:searchSystemUser[userName]'.</msg>
<status status="PASS" starttime="20200714 15:27:32.634" endtime="20200714 15:27:34.343"></status>
</kw>
<status status="PASS" starttime="20200714 15:27:32.631" endtime="20200714 15:27:34.344"></status>
</kw>
<kw name="Click on search button" library="004Resource_DeleteUsers">
<kw name="Click Element" library="SeleniumLibrary">
<doc>Click the element identified by ``locator``.</doc>
<arguments>
<arg>${user_btn_Search}</arg>
</arguments>
<msg timestamp="20200714 15:27:34.346" level="INFO">Clicking element 'id:searchBtn'.</msg>
<status status="PASS" starttime="20200714 15:27:34.346" endtime="20200714 15:27:36.565"></status>
</kw>
<status status="PASS" starttime="20200714 15:27:34.344" endtime="20200714 15:27:36.566"></status>
</kw>
<kw name="Select the checkbox" library="004Resource_DeleteUsers">
<kw name="Select Checkbox" library="SeleniumLibrary">
<doc>Selects the checkbox identified by ``locator``.</doc>
<arguments>
<arg>${lbl_CheckBox}</arg>
</arguments>
<msg timestamp="20200714 15:27:36.568" level="INFO">Selecting checkbox 'chkSelectRow[]'.</msg>
<status status="PASS" starttime="20200714 15:27:36.567" endtime="20200714 15:27:38.743"></status>
</kw>
<status status="PASS" starttime="20200714 15:27:36.566" endtime="20200714 15:27:38.745"></status>
</kw>
<kw name="Hover the Mouse over delete button" library="004Resource_DeleteUsers">
<kw name="Mouse Over" library="SeleniumLibrary">
<doc>Simulates hovering the mouse over the element ``locator``.</doc>
<arguments>
<arg>${User_btn_Delete}</arg>
</arguments>
<msg timestamp="20200714 15:27:38.750" level="INFO">Simulating Mouse Over on element 'name:btnDelete'.</msg>
<status status="PASS" starttime="20200714 15:27:38.748" endtime="20200714 15:27:40.077"></status>
</kw>
<status status="PASS" starttime="20200714 15:27:38.746" endtime="20200714 15:27:40.078"></status>
</kw>
<kw name="Click on Delete button" library="004Resource_DeleteUsers">
<kw name="Click Element" library="SeleniumLibrary">
<doc>Click the element identified by ``locator``.</doc>
<arguments>
<arg>${User_btn_Delete}</arg>
</arguments>
<msg timestamp="20200714 15:27:40.080" level="INFO">Clicking element 'name:btnDelete'.</msg>
<status status="PASS" starttime="20200714 15:27:40.079" endtime="20200714 15:27:41.183"></status>
</kw>
<status status="PASS" starttime="20200714 15:27:40.078" endtime="20200714 15:27:41.184"></status>
</kw>
<kw name="Handle the modal window" library="004Resource_DeleteUsers">
<kw name="Click Element" library="SeleniumLibrary">
<doc>Click the element identified by ``locator``.</doc>
<arguments>
<arg>${modal_Delete}</arg>
</arguments>
<msg timestamp="20200714 15:27:41.187" level="INFO">Clicking element 'xpath://input[@id='dialogDeleteBtn']'.</msg>
<status status="PASS" starttime="20200714 15:27:41.185" endtime="20200714 15:27:43.630"></status>
</kw>
<status status="PASS" starttime="20200714 15:27:41.184" endtime="20200714 15:27:43.631"></status>
</kw>
<kw name="Page Should Contain" library="SeleniumLibrary">
<doc>Verifies that current page contains ``text``.</doc>
<arguments>
<arg>Successfully Deleted</arg>
</arguments>
<msg timestamp="20200714 15:27:44.683" level="INFO">Current page contains text 'Successfully Deleted'.</msg>
<status status="PASS" starttime="20200714 15:27:43.632" endtime="20200714 15:27:44.683"></status>
</kw>
<status status="PASS" starttime="20200714 15:27:31.583" endtime="20200714 15:27:44.683"></status>
</kw>
<status status="PASS" starttime="20200714 15:27:31.582" endtime="20200714 15:27:44.685" critical="yes"></status>
</test>
<status status="PASS" starttime="20200714 15:27:31.523" endtime="20200714 15:27:44.692"></status>
</suite>
<suite id="s1-s5" name="TC005 DeleteEmployee" source="C:\Users\manis\PycharmProjects\OrangeHRM_RobotFramework\TestCases\TC005_DeleteEmployee.robot">
<test id="s1-s5-t1" name="DeleteUserUsingExcel">
<kw name="Delete Employee">
<arguments>
<arg>10010</arg>
</arguments>
<kw name="Set Sel Speed" library="005Resource_DeleteEmployee">
<kw name="Set Selenium Speed" library="SeleniumLibrary">
<doc>Sets the delay that is waited after each Selenium command.</doc>
<arguments>
<arg>0.5</arg>
</arguments>
<status status="PASS" starttime="20200714 15:27:44.776" endtime="20200714 15:27:44.776"></status>
</kw>
<status status="PASS" starttime="20200714 15:27:44.776" endtime="20200714 15:27:44.777"></status>
</kw>
<kw name="Wait and Click PIM tab" library="005Resource_DeleteEmployee">
<kw name="Wait Until Element Is Visible" library="SeleniumLibrary">
<doc>Waits until the element ``locator`` is visible.</doc>
<arguments>
<arg>${tab_PIM}</arg>
</arguments>
<status status="PASS" starttime="20200714 15:27:44.777" endtime="20200714 15:27:45.822"></status>
</kw>
<kw name="Click Element" library="SeleniumLibrary">
<doc>Click the element identified by ``locator``.</doc>
<arguments>
<arg>${tab_PIM}</arg>
</arguments>
<msg timestamp="20200714 15:27:45.823" level="INFO">Clicking element 'xpath://b[contains(text(),'PIM')]'.</msg>
<status status="PASS" starttime="20200714 15:27:45.822" endtime="20200714 15:27:48.879"></status>
</kw>
<status status="PASS" starttime="20200714 15:27:44.777" endtime="20200714 15:27:48.880"></status>
</kw>
<kw name="Wait for EmployeeList link" library="005Resource_DeleteEmployee">
<kw name="Wait Until Element Is Visible" library="SeleniumLibrary">
<doc>Waits until the element ``locator`` is visible.</doc>
<arguments>
<arg>${link_Search_Employee}</arg>
</arguments>
<status status="PASS" starttime="20200714 15:27:48.882" endtime="20200714 15:27:49.964"></status>
</kw>
<status status="PASS" starttime="20200714 15:27:48.880" endtime="20200714 15:27:49.965"></status>
</kw>
<kw name="Enter text in Emp id" library="005Resource_DeleteEmployee">
<arguments>
<arg>${emp_id}</arg>
</arguments>
<kw name="Input Text" library="SeleniumLibrary">
<doc>Types the given ``text`` into the text field identified by ``locator``.</doc>
<arguments>
<arg>${txt_Emp_Id_Search}</arg>
<arg>${emp_id}</arg>
</arguments>
<msg timestamp="20200714 15:27:49.970" level="INFO">Typing text '10010' into text field 'name:empsearch[id]'.</msg>
<status status="PASS" starttime="20200714 15:27:49.967" endtime="20200714 15:27:51.657"></status>
</kw>
<status status="PASS" starttime="20200714 15:27:49.965" endtime="20200714 15:27:51.658"></status>
</kw>
<kw name="Click on search button" library="005Resource_DeleteEmployee">
<kw name="Click Element" library="SeleniumLibrary">
<doc>Click the element identified by ``locator``.</doc>
<arguments>
<arg>${user_btn_Search}</arg>
</arguments>
<msg timestamp="20200714 15:27:51.660" level="INFO">Clicking element 'id:searchBtn'.</msg>
<status status="PASS" starttime="20200714 15:27:51.659" endtime="20200714 15:27:53.404"></status>
</kw>
<status status="PASS" starttime="20200714 15:27:51.658" endtime="20200714 15:27:53.404"></status>
</kw>
<kw name="select the checkbox" library="005Resource_DeleteEmployee">
<kw name="Select Checkbox" library="SeleniumLibrary">
<doc>Selects the checkbox identified by ``locator``.</doc>
<arguments>
<arg>${lbl_CheckBox}</arg>
</arguments>
<msg timestamp="20200714 15:27:53.406" level="INFO">Selecting checkbox 'chkSelectRow[]'.</msg>
<status status="PASS" starttime="20200714 15:27:53.405" endtime="20200714 15:27:55.537"></status>
</kw>
<status status="PASS" starttime="20200714 15:27:53.404" endtime="20200714 15:27:55.538"></status>
</kw>
<kw name="Hover the Mouse over delete button" library="005Resource_DeleteEmployee">
<kw name="Mouse Over" library="SeleniumLibrary">
<doc>Simulates hovering the mouse over the element ``locator``.</doc>
<arguments>
<arg>${User_btn_Delete}</arg>
</arguments>
<msg timestamp="20200714 15:27:55.540" level="INFO">Simulating Mouse Over on element 'name:btnDelete'.</msg>
<status status="PASS" starttime="20200714 15:27:55.540" endtime="20200714 15:27:56.856"></status>
</kw>
<status status="PASS" starttime="20200714 15:27:55.538" endtime="20200714 15:27:56.857"></status>
</kw>
<kw name="Click on Delete button" library="005Resource_DeleteEmployee">
<kw name="Click Element" library="SeleniumLibrary">
<doc>Click the element identified by ``locator``.</doc>
<arguments>
<arg>${User_btn_Delete}</arg>
</arguments>
<msg timestamp="20200714 15:27:56.860" level="INFO">Clicking element 'name:btnDelete'.</msg>
<status status="PASS" starttime="20200714 15:27:56.859" endtime="20200714 15:27:57.962"></status>
</kw>
<status status="PASS" starttime="20200714 15:27:56.857" endtime="20200714 15:27:57.963"></status>
</kw>
<kw name="Handle the modal window" library="005Resource_DeleteEmployee">
<kw name="Click Element" library="SeleniumLibrary">
<doc>Click the element identified by ``locator``.</doc>
<arguments>
<arg>${modal_Delete}</arg>
</arguments>
<msg timestamp="20200714 15:27:57.967" level="INFO">Clicking element 'xpath://input[@id='dialogDeleteBtn']'.</msg>
<status status="PASS" starttime="20200714 15:27:57.965" endtime="20200714 15:28:00.492"></status>
</kw>
<status status="PASS" starttime="20200714 15:27:57.963" endtime="20200714 15:28:00.493"></status>
</kw>
<kw name="Page Should Contain" library="SeleniumLibrary">
<doc>Verifies that current page contains ``text``.</doc>
<arguments>
<arg>Successfully Deleted</arg>
</arguments>
<msg timestamp="20200714 15:28:01.557" level="INFO">Current page contains text 'Successfully Deleted'.</msg>
<status status="PASS" starttime="20200714 15:28:00.493" endtime="20200714 15:28:01.557"></status>
</kw>
<kw name="Close Browsers" library="005Resource_DeleteEmployee">
<kw name="Close All Browsers" library="SeleniumLibrary">
<doc>Closes all open browsers and resets the browser cache.</doc>
<status status="PASS" starttime="20200714 15:28:01.559" endtime="20200714 15:28:04.227"></status>
</kw>
<status status="PASS" starttime="20200714 15:28:01.558" endtime="20200714 15:28:04.227"></status>
</kw>
<status status="PASS" starttime="20200714 15:27:44.775" endtime="20200714 15:28:04.228"></status>
</kw>
<status status="PASS" starttime="20200714 15:27:44.774" endtime="20200714 15:28:04.230" critical="yes"></status>
</test>
<kw name="Close Browsers" library="005Resource_DeleteEmployee" type="teardown">
<kw name="Close All Browsers" library="SeleniumLibrary">
<doc>Closes all open browsers and resets the browser cache.</doc>
<status status="PASS" starttime="20200714 15:28:04.237" endtime="20200714 15:28:04.238"></status>
</kw>
<status status="PASS" starttime="20200714 15:28:04.236" endtime="20200714 15:28:04.238"></status>
</kw>
<status status="PASS" starttime="20200714 15:27:44.699" endtime="20200714 15:28:04.238"></status>
</suite>
<status status="PASS" starttime="20200714 15:26:37.737" endtime="20200714 15:28:04.248"></status>
</suite>
<statistics>
<total>
<stat pass="5" fail="0">Critical Tests</stat>
<stat pass="5" fail="0">All Tests</stat>
</total>
<tag>
</tag>
<suite>
<stat pass="5" fail="0" id="s1" name="TestCases">TestCases</stat>
<stat pass="1" fail="0" id="s1-s1" name="TC001 Login">TestCases.TC001 Login</stat>
<stat pass="1" fail="0" id="s1-s2" name="TC002 Add Employee">TestCases.TC002 Add Employee</stat>
<stat pass="1" fail="0" id="s1-s3" name="TC003 AddUsers">TestCases.TC003 AddUsers</stat>
<stat pass="1" fail="0" id="s1-s4" name="TC004 DeleteUsers">TestCases.TC004 DeleteUsers</stat>
<stat pass="1" fail="0" id="s1-s5" name="TC005 DeleteEmployee">TestCases.TC005 DeleteEmployee</stat>
</suite>
</statistics>
<errors>
</errors>
</robot>
